[debug] [2020-09-08T19:26:13.267Z] ----------------------------------------------------------------------
[debug] [2020-09-08T19:26:13.269Z] Command:       C:\Program Files\nodejs\node.exe C:\Users\shakt\AppData\Roaming\npm\node_modules\firebase-tools\lib\bin\firebase.js init
[debug] [2020-09-08T19:26:13.270Z] CLI Version:   8.10.0
[debug] [2020-09-08T19:26:13.270Z] Platform:      win32
[debug] [2020-09-08T19:26:13.270Z] Node Version:  v12.18.2
[debug] [2020-09-08T19:26:13.271Z] Time:          Wed Sep 09 2020 00:56:13 GMT+0530 (India Standard Time)
[debug] [2020-09-08T19:26:13.271Z] ----------------------------------------------------------------------
[debug] [2020-09-08T19:26:13.272Z] 
[debug] [2020-09-08T19:26:13.278Z] > command requires scopes: ["email","openid","https://www.googleapis.com/auth/cloudplatformprojects.readonly","https://www.googleapis.com/auth/firebase","https://www.googleapis.com/auth/cloud-platform"]
[debug] [2020-09-08T19:26:13.279Z] > authorizing via signed-in user
[info] 
     ######## #### ########  ######## ########     ###     ######  ########
     ##        ##  ##     ## ##       ##     ##  ##   ##  ##       ##
     ######    ##  ########  ######   ########  #########  ######  ######
     ##        ##  ##    ##  ##       ##     ## ##     ##       ## ##
     ##       #### ##     ## ######## ########  ##     ##  ######  ########

You're about to initialize a Firebase project in this directory:

  E:\_WEB DEVELOPMENT\Projects\Amazon\amazon-clone

[info] 
=== Project Setup
[info] 
[info] First, let's associate this project directory with a Firebase project.
[info] You can create multiple project aliases by running firebase use --add, 
[info] but for now we'll just set up a default project.
[info] 
